mode: set
github.com/Kimidarious/projeto-pratico-neocamp-wave15-squad68.git/internal/service/auth_service.go:36.69,38.21 2 1
github.com/Kimidarious/projeto-pratico-neocamp-wave15-squad68.git/internal/service/auth_service.go:38.21,40.3 1 1
github.com/Kimidarious/projeto-pratico-neocamp-wave15-squad68.git/internal/service/auth_service.go:42.2,45.3 1 1
github.com/Kimidarious/projeto-pratico-neocamp-wave15-squad68.git/internal/service/auth_service.go:49.93,52.16 2 1
github.com/Kimidarious/projeto-pratico-neocamp-wave15-squad68.git/internal/service/auth_service.go:52.16,54.3 1 1
github.com/Kimidarious/projeto-pratico-neocamp-wave15-squad68.git/internal/service/auth_service.go:57.2,57.71 1 1
github.com/Kimidarious/projeto-pratico-neocamp-wave15-squad68.git/internal/service/auth_service.go:57.71,59.3 1 1
github.com/Kimidarious/projeto-pratico-neocamp-wave15-squad68.git/internal/service/auth_service.go:62.2,63.16 2 1
github.com/Kimidarious/projeto-pratico-neocamp-wave15-squad68.git/internal/service/auth_service.go:63.16,65.3 1 0
github.com/Kimidarious/projeto-pratico-neocamp-wave15-squad68.git/internal/service/auth_service.go:68.2,73.8 1 1
github.com/Kimidarious/projeto-pratico-neocamp-wave15-squad68.git/internal/service/auth_service.go:77.76,97.16 5 1
github.com/Kimidarious/projeto-pratico-neocamp-wave15-squad68.git/internal/service/auth_service.go:97.16,99.3 1 0
github.com/Kimidarious/projeto-pratico-neocamp-wave15-squad68.git/internal/service/auth_service.go:101.2,101.25 1 1
github.com/Kimidarious/projeto-pratico-neocamp-wave15-squad68.git/internal/service/auth_service.go:105.78,109.101 2 1
github.com/Kimidarious/projeto-pratico-neocamp-wave15-squad68.git/internal/service/auth_service.go:109.101,111.58 1 1
github.com/Kimidarious/projeto-pratico-neocamp-wave15-squad68.git/internal/service/auth_service.go:111.58,113.4 1 0
github.com/Kimidarious/projeto-pratico-neocamp-wave15-squad68.git/internal/service/auth_service.go:114.3,114.34 1 1
github.com/Kimidarious/projeto-pratico-neocamp-wave15-squad68.git/internal/service/auth_service.go:117.2,117.16 1 1
github.com/Kimidarious/projeto-pratico-neocamp-wave15-squad68.git/internal/service/auth_service.go:117.16,119.3 1 1
github.com/Kimidarious/projeto-pratico-neocamp-wave15-squad68.git/internal/service/auth_service.go:121.2,121.18 1 1
github.com/Kimidarious/projeto-pratico-neocamp-wave15-squad68.git/internal/service/auth_service.go:121.18,123.3 1 0
github.com/Kimidarious/projeto-pratico-neocamp-wave15-squad68.git/internal/service/auth_service.go:125.2,125.20 1 1
github.com/Kimidarious/projeto-pratico-neocamp-wave15-squad68.git/internal/service/follow_service.go:24.113,29.2 1 1
github.com/Kimidarious/projeto-pratico-neocamp-wave15-squad68.git/internal/service/follow_service.go:31.75,33.30 1 1
github.com/Kimidarious/projeto-pratico-neocamp-wave15-squad68.git/internal/service/follow_service.go:33.30,35.3 1 1
github.com/Kimidarious/projeto-pratico-neocamp-wave15-squad68.git/internal/service/follow_service.go:37.2,37.40 1 1
github.com/Kimidarious/projeto-pratico-neocamp-wave15-squad68.git/internal/service/follow_service.go:37.40,39.3 1 0
github.com/Kimidarious/projeto-pratico-neocamp-wave15-squad68.git/internal/service/follow_service.go:41.2,41.40 1 1
github.com/Kimidarious/projeto-pratico-neocamp-wave15-squad68.git/internal/service/follow_service.go:41.40,43.3 1 1
github.com/Kimidarious/projeto-pratico-neocamp-wave15-squad68.git/internal/service/follow_service.go:45.2,45.54 1 1
github.com/Kimidarious/projeto-pratico-neocamp-wave15-squad68.git/internal/service/follow_service.go:45.54,47.3 1 1
github.com/Kimidarious/projeto-pratico-neocamp-wave15-squad68.git/internal/service/follow_service.go:49.2,54.36 2 1
github.com/Kimidarious/projeto-pratico-neocamp-wave15-squad68.git/internal/service/follow_service.go:57.77,59.30 1 1
github.com/Kimidarious/projeto-pratico-neocamp-wave15-squad68.git/internal/service/follow_service.go:59.30,61.3 1 1
github.com/Kimidarious/projeto-pratico-neocamp-wave15-squad68.git/internal/service/follow_service.go:63.2,63.55 1 1
github.com/Kimidarious/projeto-pratico-neocamp-wave15-squad68.git/internal/service/follow_service.go:63.55,65.3 1 1
github.com/Kimidarious/projeto-pratico-neocamp-wave15-squad68.git/internal/service/follow_service.go:67.2,67.52 1 1
github.com/Kimidarious/projeto-pratico-neocamp-wave15-squad68.git/internal/service/follow_service.go:70.102,72.16 2 1
github.com/Kimidarious/projeto-pratico-neocamp-wave15-squad68.git/internal/service/follow_service.go:72.16,74.3 1 0
github.com/Kimidarious/projeto-pratico-neocamp-wave15-squad68.git/internal/service/follow_service.go:76.2,82.8 2 1
github.com/Kimidarious/projeto-pratico-neocamp-wave15-squad68.git/internal/service/follow_service.go:85.114,87.16 2 1
github.com/Kimidarious/projeto-pratico-neocamp-wave15-squad68.git/internal/service/follow_service.go:87.16,89.3 1 0
github.com/Kimidarious/projeto-pratico-neocamp-wave15-squad68.git/internal/service/follow_service.go:91.2,92.16 2 1
github.com/Kimidarious/projeto-pratico-neocamp-wave15-squad68.git/internal/service/follow_service.go:92.16,94.3 1 0
github.com/Kimidarious/projeto-pratico-neocamp-wave15-squad68.git/internal/service/follow_service.go:96.2,97.30 2 1
github.com/Kimidarious/projeto-pratico-neocamp-wave15-squad68.git/internal/service/follow_service.go:97.30,102.3 1 1
github.com/Kimidarious/projeto-pratico-neocamp-wave15-squad68.git/internal/service/follow_service.go:104.2,108.8 1 1
github.com/Kimidarious/projeto-pratico-neocamp-wave15-squad68.git/internal/service/follow_service.go:111.112,113.16 2 1
github.com/Kimidarious/projeto-pratico-neocamp-wave15-squad68.git/internal/service/follow_service.go:113.16,115.3 1 0
github.com/Kimidarious/projeto-pratico-neocamp-wave15-squad68.git/internal/service/follow_service.go:117.2,118.16 2 1
github.com/Kimidarious/projeto-pratico-neocamp-wave15-squad68.git/internal/service/follow_service.go:118.16,120.3 1 0
github.com/Kimidarious/projeto-pratico-neocamp-wave15-squad68.git/internal/service/follow_service.go:122.2,123.29 2 1
github.com/Kimidarious/projeto-pratico-neocamp-wave15-squad68.git/internal/service/follow_service.go:123.29,128.3 1 1
github.com/Kimidarious/projeto-pratico-neocamp-wave15-squad68.git/internal/service/follow_service.go:130.2,134.8 1 1
github.com/Kimidarious/projeto-pratico-neocamp-wave15-squad68.git/internal/service/post_service.go:33.15,40.2 1 1
github.com/Kimidarious/projeto-pratico-neocamp-wave15-squad68.git/internal/service/post_service.go:43.75,45.40 1 1
github.com/Kimidarious/projeto-pratico-neocamp-wave15-squad68.git/internal/service/post_service.go:45.40,47.3 1 0
github.com/Kimidarious/projeto-pratico-neocamp-wave15-squad68.git/internal/service/post_service.go:49.2,50.16 2 1
github.com/Kimidarious/projeto-pratico-neocamp-wave15-squad68.git/internal/service/post_service.go:50.16,52.3 1 1
github.com/Kimidarious/projeto-pratico-neocamp-wave15-squad68.git/internal/service/post_service.go:54.2,62.54 2 1
github.com/Kimidarious/projeto-pratico-neocamp-wave15-squad68.git/internal/service/post_service.go:62.54,64.3 1 0
github.com/Kimidarious/projeto-pratico-neocamp-wave15-squad68.git/internal/service/post_service.go:73.2,83.32 2 1
github.com/Kimidarious/projeto-pratico-neocamp-wave15-squad68.git/internal/service/post_service.go:87.85,89.40 1 1
github.com/Kimidarious/projeto-pratico-neocamp-wave15-squad68.git/internal/service/post_service.go:89.40,91.3 1 0
github.com/Kimidarious/projeto-pratico-neocamp-wave15-squad68.git/internal/service/post_service.go:94.2,94.44 1 1
github.com/Kimidarious/projeto-pratico-neocamp-wave15-squad68.git/internal/service/post_service.go:94.44,96.3 1 1
github.com/Kimidarious/projeto-pratico-neocamp-wave15-squad68.git/internal/service/post_service.go:99.2,107.54 2 1
github.com/Kimidarious/projeto-pratico-neocamp-wave15-squad68.git/internal/service/post_service.go:107.54,109.3 1 0
github.com/Kimidarious/projeto-pratico-neocamp-wave15-squad68.git/internal/service/post_service.go:112.2,113.16 2 1
github.com/Kimidarious/projeto-pratico-neocamp-wave15-squad68.git/internal/service/post_service.go:113.16,115.3 1 0
github.com/Kimidarious/projeto-pratico-neocamp-wave15-squad68.git/internal/service/post_service.go:118.2,128.32 2 1
github.com/Kimidarious/projeto-pratico-neocamp-wave15-squad68.git/internal/service/post_service.go:132.107,135.16 2 1
github.com/Kimidarious/projeto-pratico-neocamp-wave15-squad68.git/internal/service/post_service.go:135.16,137.3 1 0
github.com/Kimidarious/projeto-pratico-neocamp-wave15-squad68.git/internal/service/post_service.go:139.2,139.24 1 1
github.com/Kimidarious/projeto-pratico-neocamp-wave15-squad68.git/internal/service/post_service.go:139.24,144.3 1 1
github.com/Kimidarious/projeto-pratico-neocamp-wave15-squad68.git/internal/service/post_service.go:147.2,148.29 2 1
github.com/Kimidarious/projeto-pratico-neocamp-wave15-squad68.git/internal/service/post_service.go:148.29,150.3 1 1
github.com/Kimidarious/projeto-pratico-neocamp-wave15-squad68.git/internal/service/post_service.go:153.2,158.16 4 1
github.com/Kimidarious/projeto-pratico-neocamp-wave15-squad68.git/internal/service/post_service.go:158.16,160.3 1 0
github.com/Kimidarious/projeto-pratico-neocamp-wave15-squad68.git/internal/service/post_service.go:163.2,164.26 2 1
github.com/Kimidarious/projeto-pratico-neocamp-wave15-squad68.git/internal/service/post_service.go:164.26,182.3 1 1
github.com/Kimidarious/projeto-pratico-neocamp-wave15-squad68.git/internal/service/post_service.go:184.2,187.8 1 1
github.com/Kimidarious/projeto-pratico-neocamp-wave15-squad68.git/internal/service/post_service.go:191.97,193.16 2 1
github.com/Kimidarious/projeto-pratico-neocamp-wave15-squad68.git/internal/service/post_service.go:193.16,195.3 1 0
github.com/Kimidarious/projeto-pratico-neocamp-wave15-squad68.git/internal/service/post_service.go:197.2,203.8 2 1
github.com/Kimidarious/projeto-pratico-neocamp-wave15-squad68.git/internal/service/post_service.go:206.96,208.36 1 1
github.com/Kimidarious/projeto-pratico-neocamp-wave15-squad68.git/internal/service/post_service.go:208.36,210.3 1 1
github.com/Kimidarious/projeto-pratico-neocamp-wave15-squad68.git/internal/service/post_service.go:212.2,213.16 2 1
github.com/Kimidarious/projeto-pratico-neocamp-wave15-squad68.git/internal/service/post_service.go:213.16,215.3 1 0
github.com/Kimidarious/projeto-pratico-neocamp-wave15-squad68.git/internal/service/post_service.go:217.2,218.26 2 1
github.com/Kimidarious/projeto-pratico-neocamp-wave15-squad68.git/internal/service/post_service.go:218.26,236.3 1 1
github.com/Kimidarious/projeto-pratico-neocamp-wave15-squad68.git/internal/service/post_service.go:238.2,241.8 1 1
github.com/Kimidarious/projeto-pratico-neocamp-wave15-squad68.git/internal/service/user_service.go:24.69,28.2 1 1
github.com/Kimidarious/projeto-pratico-neocamp-wave15-squad68.git/internal/service/user_service.go:30.120,32.23 1 1
github.com/Kimidarious/projeto-pratico-neocamp-wave15-squad68.git/internal/service/user_service.go:32.23,34.6 1 0
github.com/Kimidarious/projeto-pratico-neocamp-wave15-squad68.git/internal/service/user_service.go:36.5,36.113 1 1
github.com/Kimidarious/projeto-pratico-neocamp-wave15-squad68.git/internal/service/user_service.go:36.113,38.6 1 1
github.com/Kimidarious/projeto-pratico-neocamp-wave15-squad68.git/internal/service/user_service.go:40.5,40.59 1 1
github.com/Kimidarious/projeto-pratico-neocamp-wave15-squad68.git/internal/service/user_service.go:40.59,42.6 1 0
github.com/Kimidarious/projeto-pratico-neocamp-wave15-squad68.git/internal/service/user_service.go:44.5,45.19 2 1
github.com/Kimidarious/projeto-pratico-neocamp-wave15-squad68.git/internal/service/user_service.go:45.19,47.6 1 0
github.com/Kimidarious/projeto-pratico-neocamp-wave15-squad68.git/internal/service/user_service.go:49.5,50.28 2 1
github.com/Kimidarious/projeto-pratico-neocamp-wave15-squad68.git/internal/service/user_service.go:50.28,52.6 1 1
github.com/Kimidarious/projeto-pratico-neocamp-wave15-squad68.git/internal/service/user_service.go:54.5,60.51 2 1
github.com/Kimidarious/projeto-pratico-neocamp-wave15-squad68.git/internal/service/user_service.go:60.51,62.6 1 0
github.com/Kimidarious/projeto-pratico-neocamp-wave15-squad68.git/internal/service/user_service.go:64.5,64.21 1 1
github.com/Kimidarious/projeto-pratico-neocamp-wave15-squad68.git/internal/service/user_service.go:67.70,69.2 1 1
github.com/Kimidarious/projeto-pratico-neocamp-wave15-squad68.git/internal/service/user_service.go:71.65,73.2 1 1
github.com/Kimidarious/projeto-pratico-neocamp-wave15-squad68.git/internal/service/user_service.go:75.129,77.19 2 1
github.com/Kimidarious/projeto-pratico-neocamp-wave15-squad68.git/internal/service/user_service.go:77.19,79.6 1 1
github.com/Kimidarious/projeto-pratico-neocamp-wave15-squad68.git/internal/service/user_service.go:82.5,82.23 1 1
github.com/Kimidarious/projeto-pratico-neocamp-wave15-squad68.git/internal/service/user_service.go:82.23,84.6 1 1
github.com/Kimidarious/projeto-pratico-neocamp-wave15-squad68.git/internal/service/user_service.go:86.5,86.23 1 1
github.com/Kimidarious/projeto-pratico-neocamp-wave15-squad68.git/internal/service/user_service.go:86.23,87.117 1 1
github.com/Kimidarious/projeto-pratico-neocamp-wave15-squad68.git/internal/service/user_service.go:87.117,89.10 1 1
github.com/Kimidarious/projeto-pratico-neocamp-wave15-squad68.git/internal/service/user_service.go:90.9,90.33 1 1
github.com/Kimidarious/projeto-pratico-neocamp-wave15-squad68.git/internal/service/user_service.go:93.5,93.23 1 1
github.com/Kimidarious/projeto-pratico-neocamp-wave15-squad68.git/internal/service/user_service.go:93.23,94.63 1 0
github.com/Kimidarious/projeto-pratico-neocamp-wave15-squad68.git/internal/service/user_service.go:94.63,96.10 1 0
github.com/Kimidarious/projeto-pratico-neocamp-wave15-squad68.git/internal/service/user_service.go:98.9,99.23 2 0
github.com/Kimidarious/projeto-pratico-neocamp-wave15-squad68.git/internal/service/user_service.go:99.23,101.10 1 0
github.com/Kimidarious/projeto-pratico-neocamp-wave15-squad68.git/internal/service/user_service.go:103.9,103.39 1 0
github.com/Kimidarious/projeto-pratico-neocamp-wave15-squad68.git/internal/service/user_service.go:106.5,106.51 1 1
github.com/Kimidarious/projeto-pratico-neocamp-wave15-squad68.git/internal/service/user_service.go:106.51,108.6 1 0
github.com/Kimidarious/projeto-pratico-neocamp-wave15-squad68.git/internal/service/user_service.go:110.5,110.21 1 1
github.com/Kimidarious/projeto-pratico-neocamp-wave15-squad68.git/internal/service/user_service.go:113.53,114.35 1 1
github.com/Kimidarious/projeto-pratico-neocamp-wave15-squad68.git/internal/service/user_service.go:114.35,116.6 1 1
github.com/Kimidarious/projeto-pratico-neocamp-wave15-squad68.git/internal/service/user_service.go:118.5,118.33 1 1
github.com/Kimidarious/projeto-pratico-neocamp-wave15-squad68.git/internal/service/user_service.go:121.80,123.19 2 0
github.com/Kimidarious/projeto-pratico-neocamp-wave15-squad68.git/internal/service/user_service.go:123.19,125.6 1 0
github.com/Kimidarious/projeto-pratico-neocamp-wave15-squad68.git/internal/service/user_service.go:127.5,127.58 1 0
